#
# An unexpected error has been detected by Java Runtime Environment:
#
#  Internal Error (classFileParser.cpp:2923), pid=9280, tid=8468
#  Error: ShouldNotReachHere()
#
# Java VM: Java HotSpot(TM) Client VM (11.0-b15 mixed mode windows-x86)
# If you would like to submit a bug report, please visit:
#   http://java.sun.com/webapps/bugreport/crash.jsp
#

---------------  T H R E A D  ---------------

Current thread (0x01559c00):  JavaThread "Unknown thread" [_thread_in_vm, id=8468, stack(0x00350000,0x003a0000)]

Stack: [0x00350000,0x003a0000]
[error occurred during error reporting (printing stack bounds), id 0xc0000005]


---------------  P R O C E S S  ---------------

Java Threads: ( => current thread )

Other Threads:

=>0x01559c00 (exited) JavaThread "Unknown thread" [_thread_in_vm, id=8468, stack(0x00350000,0x003a0000)]

VM state:not at safepoint (not fully initialized)

VM Mutex/Monitor currently owned by a thread: None

Dynamic libraries:
0x00400000 - 0x00424000 	C:\Program Files\Java\jdk1.6.0_10\bin\javaw.exe
0x77040000 - 0x7717c000 	C:\Windows\SYSTEM32\ntdll.dll
0x756b0000 - 0x75784000 	C:\Windows\system32\kernel32.dll
0x75440000 - 0x7548a000 	C:\Windows\system32\KERNELBASE.dll
0x754c0000 - 0x75560000 	C:\Windows\system32\ADVAPI32.dll
0x75560000 - 0x7560c000 	C:\Windows\system32\msvcrt.dll
0x75c20000 - 0x75c39000 	C:\Windows\SYSTEM32\sechost.dll
0x75b70000 - 0x75c11000 	C:\Windows\system32\RPCRT4.dll
0x76d50000 - 0x76e19000 	C:\Windows\system32\USER32.dll
0x75c40000 - 0x75c8e000 	C:\Windows\system32\GDI32.dll
0x77180000 - 0x7718a000 	C:\Windows\system32\LPK.dll
0x76b00000 - 0x76b9d000 	C:\Windows\system32\USP10.dll
0x76e20000 - 0x76e3f000 	C:\Windows\system32\IMM32.DLL
0x758f0000 - 0x759bc000 	C:\Windows\system32\MSCTF.dll
0x7c340000 - 0x7c396000 	C:\Program Files\Java\jdk1.6.0_10\jre\bin\msvcr71.dll
0x6d8b0000 - 0x6db06000 	C:\Program Files\Java\jdk1.6.0_10\jre\bin\client\jvm.dll
0x72d30000 - 0x72d62000 	C:\Windows\system32\WINMM.dll
0x75090000 - 0x750dc000 	C:\Windows\system32\apphelp.dll
0x6d330000 - 0x6d338000 	C:\Program Files\Java\jdk1.6.0_10\jre\bin\hpi.dll
0x756a0000 - 0x756a5000 	C:\Windows\system32\PSAPI.DLL
0x6d860000 - 0x6d86c000 	C:\Program Files\Java\jdk1.6.0_10\jre\bin\verify.dll
0x6d3d0000 - 0x6d3ef000 	C:\Program Files\Java\jdk1.6.0_10\jre\bin\java.dll
0x6d8a0000 - 0x6d8af000 	C:\Program Files\Java\jdk1.6.0_10\jre\bin\zip.dll

VM Arguments:
jvm_args: -Dfile.encoding=GBK -Xbootclasspath:F:\software\android-sdk-windows\platforms\android-8\android.jar 
java_command: com.axinxuandroid.data.NetUpdateRecord
Launcher Type: SUN_STANDARD

Environment Variables:
JAVA_HOME=C:\Program Files\Java\jdk1.6.0_10
PATH=C:/Program Files/Java/jdk1.6.0_10/bin/../jre/bin/client;C:/Program Files/Java/jdk1.6.0_10/bin/../jre/bin;C:\Program Files\Common Files\NetSarang;E:\nodejs;C:\ruby\bin;D:\PHP;C:\Program Files\Java\jdk1.6.0_10\bin;C:\Python26;d:\oracle\product\10.2.0\db_1\bin;C:\Program Files\NVIDIA Corporation\PhysX\Common;C:\Windows\system32;C:\Windows;C:\Windows\System32\Wbem;C:\Windows\System32\WindowsPowerShell\v1.0\;C:\strawberry\c\bin;C:\strawberry\perl\bin;C:\Program Files\TortoiseSVN\bin;C:\Program Files\Microsoft Visual Studio\Common\Tools\WinNT;C:\Program Files\Microsoft Visual Studio\Common\MSDev98\Bin;C:\Program Files\Microsoft Visual Studio\Common\Tools;C:\Program Files\Microsoft Visual Studio\VC98\bin
USERNAME=Administrator
OS=Windows_NT
PROCESSOR_IDENTIFIER=x86 Family 6 Model 23 Stepping 6, GenuineIntel



---------------  S Y S T E M  ---------------

OS: Windows NT 6.1 Build 7601 Service Pack 1

CPU:total 2 (2 cores per cpu, 1 threads per core) family 6 model 7 stepping 6, cmov, cx8, fxsr, mmx, sse, sse2, sse3, ssse3

Memory: 4k page, physical 2097151k(838328k free), swap 4194303k(1676540k free)

vm_info: Java HotSpot(TM) Client VM (11.0-b15) for windows-x86 JRE (1.6.0_10-rc2-b32), built on Sep 12 2008 00:52:11 by "java_re" with MS VC++ 7.1

time: Tue May 06 13:56:45 2014
elapsed time: 0 seconds

